<?xml version="1.0" encoding="UTF-8"?>
<coverage generated="1588255818699" clover="3.2.0">
  <project timestamp="1588255818700" name="All files">
    <metrics statements="69" coveredstatements="52" conditionals="22" coveredconditionals="7" methods="21" coveredmethods="14" elements="112" coveredelements="73" complexity="0" loc="69" ncloc="69" packages="1" files="2" classes="2"/>
    <file name="app.js" path="/home/yudith/Documentos/Programacion/Proyectos/md-links/lib/app.js">
      <metrics statements="42" coveredstatements="34" conditionals="12" coveredconditionals="4" methods="14" coveredmethods="10"/>
      <line num="2" count="2" type="stmt"/>
      <line num="3" count="2" type="stmt"/>
      <line num="4" count="2" type="stmt"/>
      <line num="5" count="2" type="stmt"/>
      <line num="6" count="2" type="stmt"/>
      <line num="8" count="2" type="stmt"/>
      <line num="10" count="2" type="stmt"/>
      <line num="11" count="4" type="stmt"/>
      <line num="12" count="4" type="stmt"/>
      <line num="14" count="4" type="stmt"/>
      <line num="15" count="9" type="stmt"/>
      <line num="16" count="9" type="stmt"/>
      <line num="17" count="9" type="stmt"/>
      <line num="18" count="9" type="stmt"/>
      <line num="19" count="18" type="stmt"/>
      <line num="28" count="4" type="stmt"/>
      <line num="29" count="19" type="stmt"/>
      <line num="30" count="18" type="stmt"/>
      <line num="31" count="18" type="cond" truecount="2" falsecount="0"/>
      <line num="32" count="9" type="stmt"/>
      <line num="33" count="9" type="cond" truecount="1" falsecount="1"/>
      <line num="34" count="9" type="stmt"/>
      <line num="35" count="9" type="stmt"/>
      <line num="36" count="15" type="stmt"/>
      <line num="40" count="4" type="stmt"/>
      <line num="41" count="3" type="stmt"/>
      <line num="44" count="2" type="stmt"/>
      <line num="45" count="18" type="stmt"/>
      <line num="48" count="0" type="stmt"/>
      <line num="50" count="0" type="cond" truecount="0" falsecount="4"/>
      <line num="51" count="0" type="stmt"/>
      <line num="55" count="0" type="stmt"/>
      <line num="57" count="0" type="stmt"/>
      <line num="58" count="0" type="stmt"/>
      <line num="60" count="3" type="stmt"/>
      <line num="64" count="4" type="stmt"/>
      <line num="65" count="4" type="stmt"/>
      <line num="66" count="3" type="cond" truecount="1" falsecount="1"/>
      <line num="67" count="3" type="stmt"/>
      <line num="69" count="0" type="cond" truecount="0" falsecount="2"/>
      <line num="70" count="0" type="stmt"/>
      <line num="74" count="2" type="stmt"/>
    </file>
    <file name="cli.js" path="/home/yudith/Documentos/Programacion/Proyectos/md-links/lib/cli.js">
      <metrics statements="27" coveredstatements="18" conditionals="10" coveredconditionals="3" methods="7" coveredmethods="4"/>
      <line num="5" count="1" type="stmt"/>
      <line num="7" count="1" type="stmt"/>
      <line num="8" count="7" type="stmt"/>
      <line num="11" count="7" type="stmt"/>
      <line num="12" count="42" type="stmt"/>
      <line num="14" count="7" type="stmt"/>
      <line num="16" count="42" type="stmt"/>
      <line num="18" count="7" type="stmt"/>
      <line num="21" count="1" type="stmt"/>
      <line num="22" count="4" type="stmt"/>
      <line num="23" count="24" type="stmt"/>
      <line num="24" count="4" type="stmt"/>
      <line num="31" count="1" type="stmt"/>
      <line num="32" count="1" type="stmt"/>
      <line num="33" count="1" type="stmt"/>
      <line num="35" count="1" type="cond" truecount="3" falsecount="3"/>
      <line num="36" count="1" type="stmt"/>
      <line num="38" count="0" type="stmt"/>
      <line num="40" count="0" type="cond" truecount="0" falsecount="2"/>
      <line num="41" count="0" type="stmt"/>
      <line num="44" count="0" type="stmt"/>
      <line num="45" count="0" type="stmt"/>
      <line num="48" count="0" type="cond" truecount="0" falsecount="2"/>
      <line num="49" count="0" type="stmt"/>
      <line num="51" count="0" type="stmt"/>
      <line num="54" count="0" type="stmt"/>
      <line num="57" count="1" type="stmt"/>
    </file>
  </project>
</coverage>
