{"/home/yudith/Documentos/Programacion/Proyectos/md-links/lib/app.js": {"path":"/home/yudith/Documentos/Programacion/Proyectos/md-links/lib/app.js","statementMap":{"0":{"start":{"line":1,"column":11},"end":{"line":1,"column":24}},"1":{"start":{"line":2,"column":13},"end":{"line":2,"column":28}},"2":{"start":{"line":3,"column":15},"end":{"line":3,"column":32}},"3":{"start":{"line":4,"column":14},"end":{"line":4,"column":30}},"4":{"start":{"line":5,"column":14},"end":{"line":5,"column":35}},"5":{"start":{"line":7,"column":18},"end":{"line":7,"column":23}},"6":{"start":{"line":9,"column":21},"end":{"line":41,"column":1}},"7":{"start":{"line":10,"column":33},"end":{"line":10,"column":61}},"8":{"start":{"line":11,"column":23},"end":{"line":11,"column":25}},"9":{"start":{"line":13,"column":19},"end":{"line":24,"column":3}},"10":{"start":{"line":14,"column":23},"end":{"line":14,"column":57}},"11":{"start":{"line":15,"column":25},"end":{"line":15,"column":43}},"12":{"start":{"line":16,"column":16},"end":{"line":16,"column":39}},"13":{"start":{"line":17,"column":4},"end":{"line":23,"column":7}},"14":{"start":{"line":18,"column":6},"end":{"line":22,"column":9}},"15":{"start":{"line":26,"column":27},"end":{"line":37,"column":3}},"16":{"start":{"line":27,"column":24},"end":{"line":27,"column":64}},"17":{"start":{"line":28,"column":25},"end":{"line":28,"column":61}},"18":{"start":{"line":29,"column":4},"end":{"line":36,"column":5}},"19":{"start":{"line":30,"column":6},"end":{"line":30,"column":29}},"20":{"start":{"line":31,"column":11},"end":{"line":36,"column":5}},"21":{"start":{"line":32,"column":31},"end":{"line":32,"column":59}},"22":{"start":{"line":33,"column":6},"end":{"line":35,"column":9}},"23":{"start":{"line":34,"column":8},"end":{"line":34,"column":53}},"24":{"start":{"line":39,"column":2},"end":{"line":39,"column":43}},"25":{"start":{"line":40,"column":2},"end":{"line":40,"column":22}},"26":{"start":{"line":43,"column":18},"end":{"line":56,"column":1}},"27":{"start":{"line":44,"column":23},"end":{"line":54,"column":8}},"28":{"start":{"line":44,"column":53},"end":{"line":54,"column":7}},"29":{"start":{"line":44,"column":78},"end":{"line":54,"column":6}},"30":{"start":{"line":46,"column":6},"end":{"line":46,"column":35}},"31":{"start":{"line":47,"column":6},"end":{"line":47,"column":108}},"32":{"start":{"line":48,"column":6},"end":{"line":48,"column":23}},"33":{"start":{"line":51,"column":6},"end":{"line":51,"column":26}},"34":{"start":{"line":52,"column":6},"end":{"line":52,"column":40}},"35":{"start":{"line":53,"column":6},"end":{"line":53,"column":23}},"36":{"start":{"line":55,"column":2},"end":{"line":55,"column":56}},"37":{"start":{"line":55,"column":50},"end":{"line":55,"column":54}},"38":{"start":{"line":58,"column":16},"end":{"line":70,"column":2}},"39":{"start":{"line":58,"column":45},"end":{"line":70,"column":2}},"40":{"start":{"line":59,"column":2},"end":{"line":69,"column":3}},"41":{"start":{"line":60,"column":25},"end":{"line":60,"column":53}},"42":{"start":{"line":61,"column":4},"end":{"line":65,"column":61}},"43":{"start":{"line":62,"column":6},"end":{"line":62,"column":28}},"44":{"start":{"line":63,"column":11},"end":{"line":65,"column":61}},"45":{"start":{"line":64,"column":6},"end":{"line":64,"column":69}},"46":{"start":{"line":64,"column":53},"end":{"line":64,"column":67}},"47":{"start":{"line":65,"column":11},"end":{"line":65,"column":61}},"48":{"start":{"line":67,"column":18},"end":{"line":67,"column":89}},"49":{"start":{"line":68,"column":4},"end":{"line":68,"column":26}},"50":{"start":{"line":72,"column":0},"end":{"line":74,"column":2}}},"fnMap":{"0":{"name":"(anonymous_0)","decl":{"start":{"line":9,"column":21},"end":{"line":9,"column":22}},"loc":{"start":{"line":9,"column":41},"end":{"line":41,"column":1}},"line":9},"1":{"name":"(anonymous_1)","decl":{"start":{"line":13,"column":19},"end":{"line":13,"column":20}},"loc":{"start":{"line":13,"column":31},"end":{"line":24,"column":3}},"line":13},"2":{"name":"(anonymous_2)","decl":{"start":{"line":17,"column":54},"end":{"line":17,"column":55}},"loc":{"start":{"line":17,"column":61},"end":{"line":23,"column":5}},"line":17},"3":{"name":"(anonymous_3)","decl":{"start":{"line":26,"column":27},"end":{"line":26,"column":28}},"loc":{"start":{"line":26,"column":45},"end":{"line":37,"column":3}},"line":26},"4":{"name":"(anonymous_4)","decl":{"start":{"line":33,"column":31},"end":{"line":33,"column":32}},"loc":{"start":{"line":33,"column":42},"end":{"line":35,"column":7}},"line":33},"5":{"name":"(anonymous_5)","decl":{"start":{"line":43,"column":18},"end":{"line":43,"column":19}},"loc":{"start":{"line":43,"column":36},"end":{"line":56,"column":1}},"line":43},"6":{"name":"(anonymous_6)","decl":{"start":{"line":44,"column":40},"end":{"line":44,"column":41}},"loc":{"start":{"line":44,"column":53},"end":{"line":54,"column":7}},"line":44},"7":{"name":"(anonymous_7)","decl":{"start":{"line":44,"column":65},"end":{"line":44,"column":66}},"loc":{"start":{"line":44,"column":78},"end":{"line":54,"column":6}},"line":44},"8":{"name":"(anonymous_8)","decl":{"start":{"line":45,"column":10},"end":{"line":45,"column":11}},"loc":{"start":{"line":45,"column":20},"end":{"line":49,"column":5}},"line":45},"9":{"name":"(anonymous_9)","decl":{"start":{"line":50,"column":11},"end":{"line":50,"column":12}},"loc":{"start":{"line":50,"column":17},"end":{"line":54,"column":5}},"line":50},"10":{"name":"(anonymous_10)","decl":{"start":{"line":55,"column":40},"end":{"line":55,"column":41}},"loc":{"start":{"line":55,"column":50},"end":{"line":55,"column":54}},"line":55},"11":{"name":"(anonymous_11)","decl":{"start":{"line":58,"column":16},"end":{"line":58,"column":17}},"loc":{"start":{"line":58,"column":45},"end":{"line":70,"column":2}},"line":58},"12":{"name":"(anonymous_12)","decl":{"start":{"line":58,"column":57},"end":{"line":58,"column":58}},"loc":{"start":{"line":58,"column":78},"end":{"line":70,"column":1}},"line":58},"13":{"name":"(anonymous_13)","decl":{"start":{"line":64,"column":42},"end":{"line":64,"column":43}},"loc":{"start":{"line":64,"column":53},"end":{"line":64,"column":67}},"line":64}},"branchMap":{"0":{"loc":{"start":{"line":29,"column":4},"end":{"line":36,"column":5}},"type":"if","locations":[{"start":{"line":29,"column":4},"end":{"line":36,"column":5}},{"start":{"line":29,"column":4},"end":{"line":36,"column":5}}],"line":29},"1":{"loc":{"start":{"line":31,"column":11},"end":{"line":36,"column":5}},"type":"if","locations":[{"start":{"line":31,"column":11},"end":{"line":36,"column":5}},{"start":{"line":31,"column":11},"end":{"line":36,"column":5}}],"line":31},"2":{"loc":{"start":{"line":47,"column":6},"end":{"line":47,"column":107}},"type":"cond-expr","locations":[{"start":{"line":47,"column":50},"end":{"line":47,"column":76}},{"start":{"line":47,"column":79},"end":{"line":47,"column":107}}],"line":47},"3":{"loc":{"start":{"line":47,"column":7},"end":{"line":47,"column":46}},"type":"binary-expr","locations":[{"start":{"line":47,"column":7},"end":{"line":47,"column":25}},{"start":{"line":47,"column":29},"end":{"line":47,"column":46}}],"line":47},"4":{"loc":{"start":{"line":59,"column":2},"end":{"line":69,"column":3}},"type":"if","locations":[{"start":{"line":59,"column":2},"end":{"line":69,"column":3}},{"start":{"line":59,"column":2},"end":{"line":69,"column":3}}],"line":59},"5":{"loc":{"start":{"line":61,"column":4},"end":{"line":65,"column":61}},"type":"if","locations":[{"start":{"line":61,"column":4},"end":{"line":65,"column":61}},{"start":{"line":61,"column":4},"end":{"line":65,"column":61}}],"line":61},"6":{"loc":{"start":{"line":61,"column":8},"end":{"line":61,"column":59}},"type":"binary-expr","locations":[{"start":{"line":61,"column":8},"end":{"line":61,"column":29}},{"start":{"line":61,"column":33},"end":{"line":61,"column":59}}],"line":61},"7":{"loc":{"start":{"line":63,"column":11},"end":{"line":65,"column":61}},"type":"if","locations":[{"start":{"line":63,"column":11},"end":{"line":65,"column":61}},{"start":{"line":63,"column":11},"end":{"line":65,"column":61}}],"line":63}},"s":{"0":1,"1":1,"2":1,"3":1,"4":1,"5":1,"6":1,"7":7,"8":7,"9":7,"10":20,"11":20,"12":20,"13":20,"14":30,"15":7,"16":42,"17":42,"18":42,"19":20,"20":22,"21":16,"22":16,"23":35,"24":7,"25":7,"26":1,"27":2,"28":12,"29":12,"30":10,"31":10,"32":10,"33":2,"34":2,"35":2,"36":2,"37":2,"38":1,"39":8,"40":8,"41":7,"42":7,"43":4,"44":3,"45":2,"46":2,"47":1,"48":1,"49":1,"50":1},"f":{"0":7,"1":20,"2":30,"3":42,"4":35,"5":2,"6":12,"7":12,"8":10,"9":2,"10":2,"11":8,"12":8,"13":2},"b":{"0":[20,22],"1":[16,6],"2":[8,2],"3":[10,10],"4":[7,1],"5":[4,3],"6":[7,4],"7":[2,1]},"_coverageSchema":"1a1c01bbd47fc00a2c39e90264f33305004495a9","hash":"ade465423436f92e8e2d5f3c05dfbd90c27158b6"}
}
