{"/home/yudith/Documentos/Programacion/Proyectos/md-links/lib/app.js": {"path":"/home/yudith/Documentos/Programacion/Proyectos/md-links/lib/app.js","statementMap":{"0":{"start":{"line":2,"column":11},"end":{"line":2,"column":24}},"1":{"start":{"line":3,"column":13},"end":{"line":3,"column":28}},"2":{"start":{"line":4,"column":15},"end":{"line":4,"column":32}},"3":{"start":{"line":5,"column":14},"end":{"line":5,"column":30}},"4":{"start":{"line":6,"column":14},"end":{"line":6,"column":35}},"5":{"start":{"line":8,"column":18},"end":{"line":8,"column":23}},"6":{"start":{"line":10,"column":21},"end":{"line":42,"column":1}},"7":{"start":{"line":11,"column":33},"end":{"line":11,"column":61}},"8":{"start":{"line":12,"column":23},"end":{"line":12,"column":25}},"9":{"start":{"line":14,"column":19},"end":{"line":25,"column":3}},"10":{"start":{"line":15,"column":23},"end":{"line":15,"column":57}},"11":{"start":{"line":16,"column":25},"end":{"line":16,"column":43}},"12":{"start":{"line":17,"column":16},"end":{"line":17,"column":39}},"13":{"start":{"line":18,"column":4},"end":{"line":24,"column":7}},"14":{"start":{"line":19,"column":6},"end":{"line":23,"column":9}},"15":{"start":{"line":28,"column":27},"end":{"line":39,"column":3}},"16":{"start":{"line":29,"column":24},"end":{"line":29,"column":64}},"17":{"start":{"line":30,"column":25},"end":{"line":30,"column":61}},"18":{"start":{"line":31,"column":4},"end":{"line":38,"column":5}},"19":{"start":{"line":32,"column":6},"end":{"line":32,"column":29}},"20":{"start":{"line":33,"column":11},"end":{"line":38,"column":5}},"21":{"start":{"line":34,"column":31},"end":{"line":34,"column":59}},"22":{"start":{"line":35,"column":6},"end":{"line":37,"column":9}},"23":{"start":{"line":36,"column":8},"end":{"line":36,"column":53}},"24":{"start":{"line":40,"column":2},"end":{"line":40,"column":43}},"25":{"start":{"line":41,"column":2},"end":{"line":41,"column":22}},"26":{"start":{"line":44,"column":18},"end":{"line":61,"column":1}},"27":{"start":{"line":45,"column":23},"end":{"line":59,"column":8}},"28":{"start":{"line":45,"column":53},"end":{"line":59,"column":7}},"29":{"start":{"line":45,"column":78},"end":{"line":59,"column":6}},"30":{"start":{"line":48,"column":6},"end":{"line":48,"column":35}},"31":{"start":{"line":50,"column":6},"end":{"line":50,"column":108}},"32":{"start":{"line":51,"column":6},"end":{"line":51,"column":23}},"33":{"start":{"line":55,"column":6},"end":{"line":55,"column":26}},"34":{"start":{"line":57,"column":6},"end":{"line":57,"column":40}},"35":{"start":{"line":58,"column":6},"end":{"line":58,"column":23}},"36":{"start":{"line":60,"column":2},"end":{"line":60,"column":56}},"37":{"start":{"line":60,"column":50},"end":{"line":60,"column":54}},"38":{"start":{"line":64,"column":16},"end":{"line":72,"column":2}},"39":{"start":{"line":64,"column":45},"end":{"line":72,"column":2}},"40":{"start":{"line":65,"column":23},"end":{"line":65,"column":51}},"41":{"start":{"line":66,"column":2},"end":{"line":68,"column":3}},"42":{"start":{"line":67,"column":4},"end":{"line":67,"column":67}},"43":{"start":{"line":67,"column":51},"end":{"line":67,"column":65}},"44":{"start":{"line":69,"column":2},"end":{"line":71,"column":3}},"45":{"start":{"line":70,"column":4},"end":{"line":70,"column":26}},"46":{"start":{"line":74,"column":0},"end":{"line":76,"column":2}}},"fnMap":{"0":{"name":"(anonymous_0)","decl":{"start":{"line":10,"column":21},"end":{"line":10,"column":22}},"loc":{"start":{"line":10,"column":41},"end":{"line":42,"column":1}},"line":10},"1":{"name":"(anonymous_1)","decl":{"start":{"line":14,"column":19},"end":{"line":14,"column":20}},"loc":{"start":{"line":14,"column":31},"end":{"line":25,"column":3}},"line":14},"2":{"name":"(anonymous_2)","decl":{"start":{"line":18,"column":54},"end":{"line":18,"column":55}},"loc":{"start":{"line":18,"column":61},"end":{"line":24,"column":5}},"line":18},"3":{"name":"(anonymous_3)","decl":{"start":{"line":28,"column":27},"end":{"line":28,"column":28}},"loc":{"start":{"line":28,"column":45},"end":{"line":39,"column":3}},"line":28},"4":{"name":"(anonymous_4)","decl":{"start":{"line":35,"column":31},"end":{"line":35,"column":32}},"loc":{"start":{"line":35,"column":42},"end":{"line":37,"column":7}},"line":35},"5":{"name":"(anonymous_5)","decl":{"start":{"line":44,"column":18},"end":{"line":44,"column":19}},"loc":{"start":{"line":44,"column":36},"end":{"line":61,"column":1}},"line":44},"6":{"name":"(anonymous_6)","decl":{"start":{"line":45,"column":40},"end":{"line":45,"column":41}},"loc":{"start":{"line":45,"column":53},"end":{"line":59,"column":7}},"line":45},"7":{"name":"(anonymous_7)","decl":{"start":{"line":45,"column":65},"end":{"line":45,"column":66}},"loc":{"start":{"line":45,"column":78},"end":{"line":59,"column":6}},"line":45},"8":{"name":"(anonymous_8)","decl":{"start":{"line":46,"column":10},"end":{"line":46,"column":11}},"loc":{"start":{"line":46,"column":20},"end":{"line":52,"column":5}},"line":46},"9":{"name":"(anonymous_9)","decl":{"start":{"line":53,"column":11},"end":{"line":53,"column":12}},"loc":{"start":{"line":53,"column":17},"end":{"line":59,"column":5}},"line":53},"10":{"name":"(anonymous_10)","decl":{"start":{"line":60,"column":40},"end":{"line":60,"column":41}},"loc":{"start":{"line":60,"column":50},"end":{"line":60,"column":54}},"line":60},"11":{"name":"(anonymous_11)","decl":{"start":{"line":64,"column":16},"end":{"line":64,"column":17}},"loc":{"start":{"line":64,"column":45},"end":{"line":72,"column":2}},"line":64},"12":{"name":"(anonymous_12)","decl":{"start":{"line":64,"column":57},"end":{"line":64,"column":58}},"loc":{"start":{"line":64,"column":70},"end":{"line":72,"column":1}},"line":64},"13":{"name":"(anonymous_13)","decl":{"start":{"line":67,"column":40},"end":{"line":67,"column":41}},"loc":{"start":{"line":67,"column":51},"end":{"line":67,"column":65}},"line":67}},"branchMap":{"0":{"loc":{"start":{"line":31,"column":4},"end":{"line":38,"column":5}},"type":"if","locations":[{"start":{"line":31,"column":4},"end":{"line":38,"column":5}},{"start":{"line":31,"column":4},"end":{"line":38,"column":5}}],"line":31},"1":{"loc":{"start":{"line":33,"column":11},"end":{"line":38,"column":5}},"type":"if","locations":[{"start":{"line":33,"column":11},"end":{"line":38,"column":5}},{"start":{"line":33,"column":11},"end":{"line":38,"column":5}}],"line":33},"2":{"loc":{"start":{"line":50,"column":6},"end":{"line":50,"column":107}},"type":"cond-expr","locations":[{"start":{"line":50,"column":50},"end":{"line":50,"column":76}},{"start":{"line":50,"column":79},"end":{"line":50,"column":107}}],"line":50},"3":{"loc":{"start":{"line":50,"column":7},"end":{"line":50,"column":46}},"type":"binary-expr","locations":[{"start":{"line":50,"column":7},"end":{"line":50,"column":25}},{"start":{"line":50,"column":29},"end":{"line":50,"column":46}}],"line":50},"4":{"loc":{"start":{"line":66,"column":2},"end":{"line":68,"column":3}},"type":"if","locations":[{"start":{"line":66,"column":2},"end":{"line":68,"column":3}},{"start":{"line":66,"column":2},"end":{"line":68,"column":3}}],"line":66},"5":{"loc":{"start":{"line":69,"column":2},"end":{"line":71,"column":3}},"type":"if","locations":[{"start":{"line":69,"column":2},"end":{"line":71,"column":3}},{"start":{"line":69,"column":2},"end":{"line":71,"column":3}}],"line":69}},"s":{"0":2,"1":2,"2":2,"3":2,"4":2,"5":2,"6":2,"7":4,"8":4,"9":4,"10":9,"11":9,"12":9,"13":9,"14":18,"15":4,"16":19,"17":18,"18":18,"19":9,"20":9,"21":9,"22":9,"23":15,"24":4,"25":3,"26":2,"27":3,"28":18,"29":18,"30":0,"31":0,"32":0,"33":0,"34":0,"35":0,"36":3,"37":0,"38":2,"39":4,"40":4,"41":3,"42":3,"43":0,"44":0,"45":0,"46":2},"f":{"0":4,"1":9,"2":18,"3":19,"4":15,"5":3,"6":18,"7":18,"8":0,"9":0,"10":0,"11":4,"12":4,"13":0},"b":{"0":[9,9],"1":[9,0],"2":[0,0],"3":[0,0],"4":[3,0],"5":[0,0]},"_coverageSchema":"1a1c01bbd47fc00a2c39e90264f33305004495a9","hash":"b4c562a62142ced4d505d6047e9e9aa9eddd997a"}
,"/home/yudith/Documentos/Programacion/Proyectos/md-links/lib/cli.js": {"path":"/home/yudith/Documentos/Programacion/Proyectos/md-links/lib/cli.js","statementMap":{"0":{"start":{"line":5,"column":20},"end":{"line":5,"column":36}},"1":{"start":{"line":7,"column":14},"end":{"line":19,"column":1}},"2":{"start":{"line":8,"column":22},"end":{"line":8,"column":24}},"3":{"start":{"line":11,"column":2},"end":{"line":13,"column":3}},"4":{"start":{"line":12,"column":4},"end":{"line":12,"column":36}},"5":{"start":{"line":14,"column":15},"end":{"line":17,"column":3}},"6":{"start":{"line":16,"column":56},"end":{"line":16,"column":85}},"7":{"start":{"line":18,"column":2},"end":{"line":18,"column":14}},"8":{"start":{"line":21,"column":22},"end":{"line":25,"column":1}},"9":{"start":{"line":22,"column":15},"end":{"line":22,"column":27}},"10":{"start":{"line":23,"column":2},"end":{"line":23,"column":77}},"11":{"start":{"line":23,"column":40},"end":{"line":23,"column":67}},"12":{"start":{"line":24,"column":2},"end":{"line":24,"column":14}},"13":{"start":{"line":31,"column":13},"end":{"line":31,"column":86}},"14":{"start":{"line":32,"column":16},"end":{"line":32,"column":28}},"15":{"start":{"line":33,"column":15},"end":{"line":33,"column":24}},"16":{"start":{"line":35,"column":0},"end":{"line":55,"column":1}},"17":{"start":{"line":36,"column":2},"end":{"line":39,"column":7}},"18":{"start":{"line":38,"column":6},"end":{"line":38,"column":139}},"19":{"start":{"line":40,"column":7},"end":{"line":55,"column":1}},"20":{"start":{"line":41,"column":2},"end":{"line":47,"column":7}},"21":{"start":{"line":44,"column":6},"end":{"line":46,"column":7}},"22":{"start":{"line":45,"column":8},"end":{"line":45,"column":122}},"23":{"start":{"line":48,"column":7},"end":{"line":55,"column":1}},"24":{"start":{"line":49,"column":2},"end":{"line":52,"column":7}},"25":{"start":{"line":51,"column":6},"end":{"line":51,"column":83}},"26":{"start":{"line":54,"column":2},"end":{"line":54,"column":23}},"27":{"start":{"line":57,"column":0},"end":{"line":57,"column":42}}},"fnMap":{"0":{"name":"(anonymous_0)","decl":{"start":{"line":7,"column":14},"end":{"line":7,"column":15}},"loc":{"start":{"line":7,"column":25},"end":{"line":19,"column":1}},"line":7},"1":{"name":"(anonymous_1)","decl":{"start":{"line":16,"column":32},"end":{"line":16,"column":33}},"loc":{"start":{"line":16,"column":56},"end":{"line":16,"column":85}},"line":16},"2":{"name":"(anonymous_2)","decl":{"start":{"line":21,"column":22},"end":{"line":21,"column":23}},"loc":{"start":{"line":21,"column":33},"end":{"line":25,"column":1}},"line":21},"3":{"name":"(anonymous_3)","decl":{"start":{"line":23,"column":30},"end":{"line":23,"column":31}},"loc":{"start":{"line":23,"column":40},"end":{"line":23,"column":67}},"line":23},"4":{"name":"(anonymous_4)","decl":{"start":{"line":37,"column":10},"end":{"line":37,"column":11}},"loc":{"start":{"line":37,"column":21},"end":{"line":39,"column":5}},"line":37},"5":{"name":"(anonymous_5)","decl":{"start":{"line":42,"column":10},"end":{"line":42,"column":11}},"loc":{"start":{"line":42,"column":21},"end":{"line":47,"column":5}},"line":42},"6":{"name":"(anonymous_6)","decl":{"start":{"line":50,"column":10},"end":{"line":50,"column":11}},"loc":{"start":{"line":50,"column":21},"end":{"line":52,"column":5}},"line":50}},"branchMap":{"0":{"loc":{"start":{"line":35,"column":0},"end":{"line":55,"column":1}},"type":"if","locations":[{"start":{"line":35,"column":0},"end":{"line":55,"column":1}},{"start":{"line":35,"column":0},"end":{"line":55,"column":1}}],"line":35},"1":{"loc":{"start":{"line":35,"column":4},"end":{"line":35,"column":108}},"type":"binary-expr","locations":[{"start":{"line":35,"column":5},"end":{"line":35,"column":29}},{"start":{"line":35,"column":33},"end":{"line":35,"column":53}},{"start":{"line":35,"column":59},"end":{"line":35,"column":80}},{"start":{"line":35,"column":84},"end":{"line":35,"column":107}}],"line":35},"2":{"loc":{"start":{"line":40,"column":7},"end":{"line":55,"column":1}},"type":"if","locations":[{"start":{"line":40,"column":7},"end":{"line":55,"column":1}},{"start":{"line":40,"column":7},"end":{"line":55,"column":1}}],"line":40},"3":{"loc":{"start":{"line":48,"column":7},"end":{"line":55,"column":1}},"type":"if","locations":[{"start":{"line":48,"column":7},"end":{"line":55,"column":1}},{"start":{"line":48,"column":7},"end":{"line":55,"column":1}}],"line":48}},"s":{"0":1,"1":1,"2":7,"3":7,"4":42,"5":7,"6":42,"7":7,"8":1,"9":4,"10":4,"11":24,"12":4,"13":1,"14":1,"15":1,"16":1,"17":1,"18":0,"19":0,"20":0,"21":0,"22":0,"23":0,"24":0,"25":0,"26":0,"27":1},"f":{"0":7,"1":42,"2":4,"3":24,"4":0,"5":0,"6":0},"b":{"0":[1,0],"1":[1,1,0,0],"2":[0,0],"3":[0,0]},"_coverageSchema":"1a1c01bbd47fc00a2c39e90264f33305004495a9","hash":"3efd03201b92f4cae273af98afc51cc3914c88b1"}
}
