TN:
SF:lib/app.js
FN:9,(anonymous_0)
FN:13,(anonymous_1)
FN:17,(anonymous_2)
FN:26,(anonymous_3)
FN:33,(anonymous_4)
FN:43,(anonymous_5)
FN:44,(anonymous_6)
FN:44,(anonymous_7)
FN:45,(anonymous_8)
FN:50,(anonymous_9)
FN:55,(anonymous_10)
FN:58,(anonymous_11)
FN:58,(anonymous_12)
FN:64,(anonymous_13)
FNF:14
FNH:14
FNDA:7,(anonymous_0)
FNDA:20,(anonymous_1)
FNDA:30,(anonymous_2)
FNDA:42,(anonymous_3)
FNDA:35,(anonymous_4)
FNDA:2,(anonymous_5)
FNDA:12,(anonymous_6)
FNDA:12,(anonymous_7)
FNDA:10,(anonymous_8)
FNDA:2,(anonymous_9)
FNDA:2,(anonymous_10)
FNDA:8,(anonymous_11)
FNDA:8,(anonymous_12)
FNDA:2,(anonymous_13)
DA:1,1
DA:2,1
DA:3,1
DA:4,1
DA:5,1
DA:7,1
DA:9,1
DA:10,7
DA:11,7
DA:13,7
DA:14,20
DA:15,20
DA:16,20
DA:17,20
DA:18,30
DA:26,7
DA:27,42
DA:28,42
DA:29,42
DA:30,20
DA:31,22
DA:32,16
DA:33,16
DA:34,35
DA:39,7
DA:40,7
DA:43,1
DA:44,12
DA:46,10
DA:47,10
DA:48,10
DA:51,2
DA:52,2
DA:53,2
DA:55,2
DA:58,8
DA:59,8
DA:60,7
DA:61,7
DA:62,4
DA:63,3
DA:64,2
DA:65,1
DA:67,1
DA:68,1
DA:72,1
LF:46
LH:46
BRDA:29,0,0,20
BRDA:29,0,1,22
BRDA:31,1,0,16
BRDA:31,1,1,6
BRDA:47,2,0,8
BRDA:47,2,1,2
BRDA:47,3,0,10
BRDA:47,3,1,10
BRDA:59,4,0,7
BRDA:59,4,1,1
BRDA:61,5,0,4
BRDA:61,5,1,3
BRDA:61,6,0,7
BRDA:61,6,1,4
BRDA:63,7,0,2
BRDA:63,7,1,1
BRF:16
BRH:16
end_of_record
