TN:
SF:lib/app.js
FN:10,(anonymous_0)
FN:14,(anonymous_1)
FN:18,(anonymous_2)
FN:28,(anonymous_3)
FN:35,(anonymous_4)
FN:44,(anonymous_5)
FN:45,(anonymous_6)
FN:45,(anonymous_7)
FN:46,(anonymous_8)
FN:53,(anonymous_9)
FN:60,(anonymous_10)
FN:64,(anonymous_11)
FN:64,(anonymous_12)
FN:67,(anonymous_13)
FNF:14
FNH:10
FNDA:4,(anonymous_0)
FNDA:9,(anonymous_1)
FNDA:18,(anonymous_2)
FNDA:19,(anonymous_3)
FNDA:15,(anonymous_4)
FNDA:3,(anonymous_5)
FNDA:18,(anonymous_6)
FNDA:18,(anonymous_7)
FNDA:0,(anonymous_8)
FNDA:0,(anonymous_9)
FNDA:0,(anonymous_10)
FNDA:4,(anonymous_11)
FNDA:4,(anonymous_12)
FNDA:0,(anonymous_13)
DA:2,2
DA:3,2
DA:4,2
DA:5,2
DA:6,2
DA:8,2
DA:10,2
DA:11,4
DA:12,4
DA:14,4
DA:15,9
DA:16,9
DA:17,9
DA:18,9
DA:19,18
DA:28,4
DA:29,19
DA:30,18
DA:31,18
DA:32,9
DA:33,9
DA:34,9
DA:35,9
DA:36,15
DA:40,4
DA:41,3
DA:44,2
DA:45,18
DA:48,0
DA:50,0
DA:51,0
DA:55,0
DA:57,0
DA:58,0
DA:60,3
DA:64,4
DA:65,4
DA:66,3
DA:67,3
DA:69,0
DA:70,0
DA:74,2
LF:42
LH:34
BRDA:31,0,0,9
BRDA:31,0,1,9
BRDA:33,1,0,9
BRDA:33,1,1,0
BRDA:50,2,0,0
BRDA:50,2,1,0
BRDA:50,3,0,0
BRDA:50,3,1,0
BRDA:66,4,0,3
BRDA:66,4,1,0
BRDA:69,5,0,0
BRDA:69,5,1,0
BRF:12
BRH:4
end_of_record
TN:
SF:lib/cli.js
FN:7,(anonymous_0)
FN:16,(anonymous_1)
FN:21,(anonymous_2)
FN:23,(anonymous_3)
FN:37,(anonymous_4)
FN:42,(anonymous_5)
FN:50,(anonymous_6)
FNF:7
FNH:4
FNDA:7,(anonymous_0)
FNDA:42,(anonymous_1)
FNDA:4,(anonymous_2)
FNDA:24,(anonymous_3)
FNDA:0,(anonymous_4)
FNDA:0,(anonymous_5)
FNDA:0,(anonymous_6)
DA:5,1
DA:7,1
DA:8,7
DA:11,7
DA:12,42
DA:14,7
DA:16,42
DA:18,7
DA:21,1
DA:22,4
DA:23,24
DA:24,4
DA:31,1
DA:32,1
DA:33,1
DA:35,1
DA:36,1
DA:38,0
DA:40,0
DA:41,0
DA:44,0
DA:45,0
DA:48,0
DA:49,0
DA:51,0
DA:54,0
DA:57,1
LF:27
LH:18
BRDA:35,0,0,1
BRDA:35,0,1,0
BRDA:35,1,0,1
BRDA:35,1,1,1
BRDA:35,1,2,0
BRDA:35,1,3,0
BRDA:40,2,0,0
BRDA:40,2,1,0
BRDA:48,3,0,0
BRDA:48,3,1,0
BRF:10
BRH:3
end_of_record
